{
  "RSpec": {
    "coverage": {
      "/Users/joseinfante/repos/journal-planner/config/environment.rb": {
        "lines": [
          null,
          1,
          null,
          null,
          1
        ]
      },
      "/Users/joseinfante/repos/journal-planner/config/application.rb": {
        "lines": [
          1,
          null,
          1,
          null,
          null,
          null,
          1,
          null,
          1,
          1,
          null,
          1,
          null,
          null,
          null,
          null,
          null,
          null,
          null,
          null,
          null,
          null
        ]
      },
      "/Users/joseinfante/repos/journal-planner/config/boot.rb": {
        "lines": [
          1,
          null,
          1,
          1
        ]
      },
      "/Users/joseinfante/repos/journal-planner/config/environments/test.rb": {
        "lines": [
          1,
          null,
          null,
          null,
          null,
          null,
          null,
          1,
          null,
          null,
          null,
          1,
          null,
          null,
          null,
          null,
          1,
          null,
          null,
          1,
          1,
          null,
          null,
          null,
          null,
          1,
          1,
          1,
          null,
          null,
          1,
          null,
          null,
          1,
          null,
          null,
          1,
          null,
          1,
          null,
          null,
          null,
          null,
          1,
          null,
          null,
          1,
          null,
          null,
          1,
          null,
          null,
          1,
          null,
          null,
          null,
          null,
          null,
          null,
          null
        ]
      },
      "/Users/joseinfante/repos/journal-planner/config/initializers/assets.rb": {
        "lines": [
          null,
          null,
          null,
          1,
          null,
          null,
          null,
          null,
          null,
          null,
          null,
          null
        ]
      },
      "/Users/joseinfante/repos/journal-planner/config/initializers/content_security_policy.rb": {
        "lines": [
          null,
          null,
          null,
          null,
          null,
          null,
          null,
          null,
          null,
          null,
          null,
          null,
          null,
          null,
          null,
          null,
          null,
          null,
          null,
          null,
          null,
          null,
          null,
          null,
          null
        ]
      },
      "/Users/joseinfante/repos/journal-planner/config/initializers/filter_parameter_logging.rb": {
        "lines": [
          null,
          null,
          null,
          null,
          null,
          1,
          null,
          null
        ]
      },
      "/Users/joseinfante/repos/journal-planner/config/initializers/inflections.rb": {
        "lines": [
          null,
          null,
          null,
          null,
          null,
          null,
          null,
          null,
          null,
          null,
          null,
          null,
          null,
          null,
          null,
          null
        ]
      },
      "/Users/joseinfante/repos/journal-planner/config/initializers/permissions_policy.rb": {
        "lines": [
          null,
          null,
          null,
          null,
          null,
          null,
          null,
          null,
          null,
          null,
          null
        ]
      },
      "/Users/joseinfante/repos/journal-planner/config/routes.rb": {
        "lines": [
          1,
          null,
          1,
          null,
          1,
          1,
          null,
          null,
          1,
          1,
          null,
          1,
          1,
          1,
          null
        ]
      },
      "/Users/joseinfante/repos/journal-planner/app/helpers/application_helper.rb": {
        "lines": [
          1,
          null,
          null,
          null,
          null
        ]
      },
      "/Users/joseinfante/repos/journal-planner/app/helpers/categories_helper.rb": {
        "lines": [
          1,
          null
        ]
      },
      "/Users/joseinfante/repos/journal-planner/app/helpers/home_helper.rb": {
        "lines": [
          1,
          null
        ]
      },
      "/Users/joseinfante/repos/journal-planner/app/helpers/sessions_helper.rb": {
        "lines": [
          1,
          null
        ]
      },
      "/Users/joseinfante/repos/journal-planner/app/helpers/tasks_helper.rb": {
        "lines": [
          1,
          null
        ]
      },
      "/Users/joseinfante/repos/journal-planner/app/helpers/users_helper.rb": {
        "lines": [
          1,
          null,
          1,
          1,
          1,
          null,
          null,
          null,
          null,
          null
        ]
      },
      "/Users/joseinfante/repos/journal-planner/app/models/category.rb": {
        "lines": [
          1,
          1,
          null,
          1,
          null,
          1,
          1,
          null,
          null
        ]
      },
      "/Users/joseinfante/repos/journal-planner/app/models/application_record.rb": {
        "lines": [
          1,
          1,
          null
        ]
      },
      "/Users/joseinfante/repos/journal-planner/app/models/task.rb": {
        "lines": [
          1,
          1,
          null,
          1,
          1,
          1,
          1,
          null,
          1,
          null,
          1,
          26,
          1,
          null,
          null,
          null
        ]
      },
      "/Users/joseinfante/repos/journal-planner/app/models/user.rb": {
        "lines": [
          1,
          1,
          1,
          null,
          null,
          1,
          null,
          1,
          null,
          null,
          1,
          null,
          null,
          null,
          1,
          null,
          null,
          null,
          1,
          3,
          null,
          null,
          null
        ]
      },
      "/Users/joseinfante/repos/journal-planner/app/controllers/application_controller.rb": {
        "lines": [
          1,
          null,
          1,
          null,
          null,
          1,
          8,
          null,
          null,
          1,
          null,
          1,
          13,
          null,
          null,
          1,
          null,
          1,
          0,
          null,
          null,
          null,
          1,
          39,
          5,
          5,
          null,
          null,
          null,
          1,
          1,
          0,
          null,
          null,
          null,
          null
        ]
      },
      "/Users/joseinfante/repos/journal-planner/app/controllers/categories_controller.rb": {
        "lines": [
          1,
          1,
          1,
          null,
          1,
          1,
          1,
          null,
          0,
          null,
          null,
          null,
          1,
          2,
          1,
          1,
          null,
          1,
          null,
          null,
          null,
          1,
          1,
          null,
          null,
          1,
          4,
          4,
          2,
          null,
          2,
          null,
          null,
          null,
          1,
          null,
          null,
          null,
          1,
          null,
          3,
          2,
          2,
          null,
          1,
          null,
          null,
          null,
          1,
          2,
          2,
          null,
          null,
          1,
          null,
          1,
          7,
          null,
          null,
          1,
          7,
          null,
          null,
          null
        ]
      },
      "/Users/joseinfante/repos/journal-planner/app/controllers/sessions_controller.rb": {
        "lines": [
          1,
          null,
          1,
          null,
          null,
          null,
          1,
          4,
          null,
          4,
          3,
          3,
          null,
          3,
          null,
          1,
          1,
          null,
          null,
          null,
          null,
          1,
          1,
          1,
          null,
          null,
          null,
          null,
          null,
          null
        ]
      },
      "/Users/joseinfante/repos/journal-planner/app/controllers/home_controller.rb": {
        "lines": [
          1,
          1,
          2,
          1,
          null,
          null,
          null,
          null
        ]
      },
      "/Users/joseinfante/repos/journal-planner/app/controllers/tasks_controller.rb": {
        "lines": [
          1,
          1,
          1,
          1,
          1,
          null,
          1,
          2,
          2,
          null,
          0,
          null,
          null,
          null,
          null,
          1,
          2,
          null,
          null,
          1,
          4,
          4,
          4,
          2,
          null,
          2,
          null,
          null,
          null,
          null,
          1,
          null,
          null,
          1,
          3,
          2,
          2,
          null,
          1,
          null,
          null,
          null,
          null,
          1,
          2,
          2,
          null,
          null,
          1,
          1,
          1,
          null,
          0,
          null,
          null,
          null,
          1,
          null,
          1,
          7,
          null,
          null,
          1,
          14,
          null,
          null,
          1,
          6,
          null,
          null,
          1,
          6,
          null,
          null,
          1,
          3,
          null,
          null,
          1,
          2,
          2,
          0,
          null,
          null,
          4,
          null,
          null,
          null,
          null,
          1,
          1,
          null,
          null
        ]
      },
      "/Users/joseinfante/repos/journal-planner/app/controllers/users_controller.rb": {
        "lines": [
          1,
          null,
          1,
          1,
          1,
          null,
          null,
          1,
          1,
          null,
          null,
          1,
          1,
          null,
          null,
          1,
          1,
          null,
          null,
          1,
          4,
          4,
          2,
          2,
          null,
          2,
          null,
          null,
          null,
          1,
          null,
          null,
          1,
          3,
          2,
          null,
          1,
          null,
          null,
          null,
          1,
          2,
          2,
          2,
          null,
          null,
          null,
          null,
          null,
          null,
          1,
          null,
          null,
          1,
          6,
          6,
          null,
          null,
          null,
          1,
          7,
          null,
          null,
          null,
          null
        ]
      }
    },
    "timestamp": 1690194175
  }
}
